[debug] [2024-10-04T16:57:49.224Z] ----------------------------------------------------------------------
[debug] [2024-10-04T16:57:49.228Z] Command:       C:\Program Files\nodejs\node.exe C:\Users\Otrojo\AppData\Roaming\npm\node_modules\firebase-tools\lib\bin\firebase.js init hosting
[debug] [2024-10-04T16:57:49.228Z] CLI Version:   13.20.2
[debug] [2024-10-04T16:57:49.229Z] Platform:      win32
[debug] [2024-10-04T16:57:49.229Z] Node Version:  v20.12.0
[debug] [2024-10-04T16:57:49.229Z] Time:          Fri Oct 04 2024 12:57:49 GMT-0400 (hora de Venezuela)
[debug] [2024-10-04T16:57:49.229Z] ----------------------------------------------------------------------
[debug] 
[debug] [2024-10-04T16:57:49.239Z] > command requires scopes: ["email","openid","https://www.googleapis.com/auth/cloudplatformprojects.readonly","https://www.googleapis.com/auth/firebase","https://www.googleapis.com/auth/cloud-platform"]
[debug] [2024-10-04T16:57:49.240Z] > authorizing via signed-in user (josuehernandez2314@gmail.com)
[info] 
     ######## #### ########  ######## ########     ###     ######  ########
     ##        ##  ##     ## ##       ##     ##  ##   ##  ##       ##
     ######    ##  ########  ######   ########  #########  ######  ######
     ##        ##  ##    ##  ##       ##     ## ##     ##       ## ##
     ##       #### ##     ## ######## ########  ##     ##  ######  ########

You're about to initialize a Firebase project in this directory:

  D:\GitHub\wordle-clonev2

[info] 
=== Project Setup
[info] 
[info] First, let's associate this project directory with a Firebase project.
[info] You can create multiple project aliases by running firebase use --add, 
[info] but for now we'll just set up a default project.
[info] 
[info] i  If you want to create a project in a Google Cloud organization or folder, please use "firebase projects:create" instead, and return to this command when you've created the project. 
[debug] [2024-10-04T16:58:35.885Z] Checked if tokens are valid: false, expires at: 1728058774537
[debug] [2024-10-04T16:58:35.885Z] Checked if tokens are valid: false, expires at: 1728058774537
[debug] [2024-10-04T16:58:35.886Z] > refreshing access token with scopes: []
[debug] [2024-10-04T16:58:35.888Z] >>> [apiv2][query] POST https://www.googleapis.com/oauth2/v3/token [none]
[debug] [2024-10-04T16:58:35.889Z] >>> [apiv2][body] POST https://www.googleapis.com/oauth2/v3/token [omitted]
[debug] [2024-10-04T16:58:36.087Z] <<< [apiv2][status] POST https://www.googleapis.com/oauth2/v3/token 200
[debug] [2024-10-04T16:58:36.087Z] <<< [apiv2][body] POST https://www.googleapis.com/oauth2/v3/token [omitted]
[debug] [2024-10-04T16:58:36.102Z] >>> [apiv2][query] POST https://cloudresourcemanager.googleapis.com/v1/projects [none]
[debug] [2024-10-04T16:58:36.102Z] >>> [apiv2][body] POST https://cloudresourcemanager.googleapis.com/v1/projects {"projectId":"wordle-clonev2-2314","name":"wordle-clone2"}
[debug] [2024-10-04T16:58:36.490Z] <<< [apiv2][status] POST https://cloudresourcemanager.googleapis.com/v1/projects 200
[debug] [2024-10-04T16:58:36.490Z] <<< [apiv2][body] POST https://cloudresourcemanager.googleapis.com/v1/projects {"name":"operations/cp.6191645387242919111"}
[debug] [2024-10-04T16:58:36.491Z] Checked if tokens are valid: true, expires at: 1728064715087
[debug] [2024-10-04T16:58:36.491Z] Checked if tokens are valid: true, expires at: 1728064715087
[debug] [2024-10-04T16:58:36.491Z] >>> [apiv2][query] GET https://cloudresourcemanager.googleapis.com/v1/operations/cp.6191645387242919111 [none]
[debug] [2024-10-04T16:58:36.756Z] <<< [apiv2][status] GET https://cloudresourcemanager.googleapis.com/v1/operations/cp.6191645387242919111 200
[debug] [2024-10-04T16:58:36.756Z] <<< [apiv2][body] GET https://cloudresourcemanager.googleapis.com/v1/operations/cp.6191645387242919111 {"name":"operations/cp.6191645387242919111"}
[debug] [2024-10-04T16:58:37.266Z] [Project Creation Poller] Retrying task index 0
[debug] [2024-10-04T16:58:37.267Z] Checked if tokens are valid: true, expires at: 1728064715087
[debug] [2024-10-04T16:58:37.267Z] Checked if tokens are valid: true, expires at: 1728064715087
[debug] [2024-10-04T16:58:37.267Z] >>> [apiv2][query] GET https://cloudresourcemanager.googleapis.com/v1/operations/cp.6191645387242919111 [none]
[debug] [2024-10-04T16:58:37.512Z] <<< [apiv2][status] GET https://cloudresourcemanager.googleapis.com/v1/operations/cp.6191645387242919111 200
[debug] [2024-10-04T16:58:37.512Z] <<< [apiv2][body] GET https://cloudresourcemanager.googleapis.com/v1/operations/cp.6191645387242919111 {"name":"operations/cp.6191645387242919111"}
[debug] [2024-10-04T16:58:38.516Z] [Project Creation Poller] Retrying task index 0
[debug] [2024-10-04T16:58:38.517Z] Checked if tokens are valid: true, expires at: 1728064715087
[debug] [2024-10-04T16:58:38.517Z] Checked if tokens are valid: true, expires at: 1728064715087
[debug] [2024-10-04T16:58:38.517Z] >>> [apiv2][query] GET https://cloudresourcemanager.googleapis.com/v1/operations/cp.6191645387242919111 [none]
[debug] [2024-10-04T16:58:38.755Z] <<< [apiv2][status] GET https://cloudresourcemanager.googleapis.com/v1/operations/cp.6191645387242919111 200
[debug] [2024-10-04T16:58:38.755Z] <<< [apiv2][body] GET https://cloudresourcemanager.googleapis.com/v1/operations/cp.6191645387242919111 {"name":"operations/cp.6191645387242919111"}
[debug] [2024-10-04T16:58:40.757Z] [Project Creation Poller] Retrying task index 0
[debug] [2024-10-04T16:58:40.757Z] Checked if tokens are valid: true, expires at: 1728064715087
[debug] [2024-10-04T16:58:40.757Z] Checked if tokens are valid: true, expires at: 1728064715087
[debug] [2024-10-04T16:58:40.757Z] >>> [apiv2][query] GET https://cloudresourcemanager.googleapis.com/v1/operations/cp.6191645387242919111 [none]
[debug] [2024-10-04T16:58:41.002Z] <<< [apiv2][status] GET https://cloudresourcemanager.googleapis.com/v1/operations/cp.6191645387242919111 200
[debug] [2024-10-04T16:58:41.003Z] <<< [apiv2][body] GET https://cloudresourcemanager.googleapis.com/v1/operations/cp.6191645387242919111 {"name":"operations/cp.6191645387242919111","metadata":{"@type":"type.googleapis.com/google.cloudresourcemanager.v1.ProjectCreationStatus","gettable":true,"ready":true},"done":true,"response":{"@type":"type.googleapis.com/google.cloudresourcemanager.v1.Project","projectNumber":"1013868538663","projectId":"wordle-clonev2-2314","lifecycleState":"ACTIVE","name":"wordle-clone2","createTime":"2024-10-04T16:58:38.259367Z"}}
[debug] [2024-10-04T16:58:41.004Z] Checked if tokens are valid: true, expires at: 1728064715087
[debug] [2024-10-04T16:58:41.004Z] Checked if tokens are valid: true, expires at: 1728064715087
[debug] [2024-10-04T16:58:41.004Z] >>> [apiv2][query] POST https://firebase.googleapis.com/v1beta1/projects/wordle-clonev2-2314:addFirebase [none]
[debug] [2024-10-04T16:58:43.615Z] <<< [apiv2][status] POST https://firebase.googleapis.com/v1beta1/projects/wordle-clonev2-2314:addFirebase 200
[debug] [2024-10-04T16:58:43.615Z] <<< [apiv2][body] POST https://firebase.googleapis.com/v1beta1/projects/wordle-clonev2-2314:addFirebase {"name":"operations/workflows/NzAwZDViMjctMTUyMi00ZDc5LTgwZjEtMmZiNTQ0Y2FmYTYz"}
[debug] [2024-10-04T16:58:43.616Z] Checked if tokens are valid: true, expires at: 1728064715087
[debug] [2024-10-04T16:58:43.616Z] Checked if tokens are valid: true, expires at: 1728064715087
[debug] [2024-10-04T16:58:43.616Z] >>> [apiv2][query] GET https://firebase.googleapis.com/v1beta1/operations/workflows/NzAwZDViMjctMTUyMi00ZDc5LTgwZjEtMmZiNTQ0Y2FmYTYz [none]
[debug] [2024-10-04T16:58:47.260Z] <<< [apiv2][status] GET https://firebase.googleapis.com/v1beta1/operations/workflows/NzAwZDViMjctMTUyMi00ZDc5LTgwZjEtMmZiNTQ0Y2FmYTYz 200
[debug] [2024-10-04T16:58:47.260Z] <<< [apiv2][body] GET https://firebase.googleapis.com/v1beta1/operations/workflows/NzAwZDViMjctMTUyMi00ZDc5LTgwZjEtMmZiNTQ0Y2FmYTYz {"name":"operations/workflows/NzAwZDViMjctMTUyMi00ZDc5LTgwZjEtMmZiNTQ0Y2FmYTYz"}
[debug] [2024-10-04T16:58:47.769Z] [Add Firebase Poller] Retrying task index 0
[debug] [2024-10-04T16:58:47.769Z] Checked if tokens are valid: true, expires at: 1728064715087
[debug] [2024-10-04T16:58:47.769Z] Checked if tokens are valid: true, expires at: 1728064715087
[debug] [2024-10-04T16:58:47.770Z] >>> [apiv2][query] GET https://firebase.googleapis.com/v1beta1/operations/workflows/NzAwZDViMjctMTUyMi00ZDc5LTgwZjEtMmZiNTQ0Y2FmYTYz [none]
[debug] [2024-10-04T16:58:48.197Z] <<< [apiv2][status] GET https://firebase.googleapis.com/v1beta1/operations/workflows/NzAwZDViMjctMTUyMi00ZDc5LTgwZjEtMmZiNTQ0Y2FmYTYz 200
[debug] [2024-10-04T16:58:48.197Z] <<< [apiv2][body] GET https://firebase.googleapis.com/v1beta1/operations/workflows/NzAwZDViMjctMTUyMi00ZDc5LTgwZjEtMmZiNTQ0Y2FmYTYz {"name":"operations/workflows/NzAwZDViMjctMTUyMi00ZDc5LTgwZjEtMmZiNTQ0Y2FmYTYz"}
[debug] [2024-10-04T16:58:49.209Z] [Add Firebase Poller] Retrying task index 0
[debug] [2024-10-04T16:58:49.210Z] Checked if tokens are valid: true, expires at: 1728064715087
[debug] [2024-10-04T16:58:49.210Z] Checked if tokens are valid: true, expires at: 1728064715087
[debug] [2024-10-04T16:58:49.210Z] >>> [apiv2][query] GET https://firebase.googleapis.com/v1beta1/operations/workflows/NzAwZDViMjctMTUyMi00ZDc5LTgwZjEtMmZiNTQ0Y2FmYTYz [none]
[debug] [2024-10-04T16:58:49.703Z] <<< [apiv2][status] GET https://firebase.googleapis.com/v1beta1/operations/workflows/NzAwZDViMjctMTUyMi00ZDc5LTgwZjEtMmZiNTQ0Y2FmYTYz 200
[debug] [2024-10-04T16:58:49.704Z] <<< [apiv2][body] GET https://firebase.googleapis.com/v1beta1/operations/workflows/NzAwZDViMjctMTUyMi00ZDc5LTgwZjEtMmZiNTQ0Y2FmYTYz {"name":"operations/workflows/NzAwZDViMjctMTUyMi00ZDc5LTgwZjEtMmZiNTQ0Y2FmYTYz"}
[debug] [2024-10-04T16:58:51.704Z] [Add Firebase Poller] Retrying task index 0
[debug] [2024-10-04T16:58:51.705Z] Checked if tokens are valid: true, expires at: 1728064715087
[debug] [2024-10-04T16:58:51.705Z] Checked if tokens are valid: true, expires at: 1728064715087
[debug] [2024-10-04T16:58:51.705Z] >>> [apiv2][query] GET https://firebase.googleapis.com/v1beta1/operations/workflows/NzAwZDViMjctMTUyMi00ZDc5LTgwZjEtMmZiNTQ0Y2FmYTYz [none]
[debug] [2024-10-04T16:58:52.102Z] <<< [apiv2][status] GET https://firebase.googleapis.com/v1beta1/operations/workflows/NzAwZDViMjctMTUyMi00ZDc5LTgwZjEtMmZiNTQ0Y2FmYTYz 200
[debug] [2024-10-04T16:58:52.102Z] <<< [apiv2][body] GET https://firebase.googleapis.com/v1beta1/operations/workflows/NzAwZDViMjctMTUyMi00ZDc5LTgwZjEtMmZiNTQ0Y2FmYTYz {"name":"operations/workflows/NzAwZDViMjctMTUyMi00ZDc5LTgwZjEtMmZiNTQ0Y2FmYTYz"}
[debug] [2024-10-04T16:58:56.105Z] [Add Firebase Poller] Retrying task index 0
[debug] [2024-10-04T16:58:56.106Z] Checked if tokens are valid: true, expires at: 1728064715087
[debug] [2024-10-04T16:58:56.106Z] Checked if tokens are valid: true, expires at: 1728064715087
[debug] [2024-10-04T16:58:56.107Z] >>> [apiv2][query] GET https://firebase.googleapis.com/v1beta1/operations/workflows/NzAwZDViMjctMTUyMi00ZDc5LTgwZjEtMmZiNTQ0Y2FmYTYz [none]
[debug] [2024-10-04T16:58:56.389Z] <<< [apiv2][status] GET https://firebase.googleapis.com/v1beta1/operations/workflows/NzAwZDViMjctMTUyMi00ZDc5LTgwZjEtMmZiNTQ0Y2FmYTYz 200
[debug] [2024-10-04T16:58:56.389Z] <<< [apiv2][body] GET https://firebase.googleapis.com/v1beta1/operations/workflows/NzAwZDViMjctMTUyMi00ZDc5LTgwZjEtMmZiNTQ0Y2FmYTYz {"name":"operations/workflows/NzAwZDViMjctMTUyMi00ZDc5LTgwZjEtMmZiNTQ0Y2FmYTYz","done":true,"response":{"@type":"type.googleapis.com/google.firebase.service.v1beta1.FirebaseProject","projectId":"wordle-clonev2-2314","projectNumber":"1013868538663","displayName":"wordle-clone2","name":"projects/wordle-clonev2-2314","resources":{"hostingSite":"wordle-clonev2-2314"}}}
[info] 
[info] === Your Firebase project is ready! ===
[info] 
[info] Project information:
[info]    - Project ID: wordle-clonev2-2314
[info]    - Project Name: wordle-clone2
[info] 
[info] Firebase console is available at
[info] https://console.firebase.google.com/project/wordle-clonev2-2314/overview
[info] i  Using project wordle-clonev2-2314 (wordle-clone2) 
[info] 
=== Hosting Setup
[debug] [2024-10-04T16:58:56.402Z] Checked if tokens are valid: true, expires at: 1728064715087
[debug] [2024-10-04T16:58:56.402Z] Checked if tokens are valid: true, expires at: 1728064715087
[debug] [2024-10-04T16:58:56.402Z] >>> [apiv2][query] GET https://firebase.googleapis.com/v1beta1/projects/wordle-clonev2-2314 [none]
[debug] [2024-10-04T16:58:56.754Z] <<< [apiv2][status] GET https://firebase.googleapis.com/v1beta1/projects/wordle-clonev2-2314 200
[debug] [2024-10-04T16:58:56.754Z] <<< [apiv2][body] GET https://firebase.googleapis.com/v1beta1/projects/wordle-clonev2-2314 {"projectId":"wordle-clonev2-2314","projectNumber":"1013868538663","displayName":"wordle-clone2","name":"projects/wordle-clonev2-2314","resources":{"hostingSite":"wordle-clonev2-2314"},"state":"ACTIVE","etag":"1_8d2f22ce-2cf2-4ff3-ae30-6492ca91be45"}
[info] 
[info] Your public directory is the folder (relative to your project directory) that
[info] will contain Hosting assets to be uploaded with firebase deploy. If you
[info] have a build process for your assets, use your build's output directory.
[info] 
